e:\projects\lua\lua513\build\libluadll.dir\debug\vc143.pdb
e:\projects\lua\lua513\build\libluadll.dir\debug\lauxlib.obj
e:\projects\lua\lua513\build\libluadll.dir\debug\lzio.obj
e:\projects\lua\lua513\build\libluadll.dir\debug\lvm.obj
e:\projects\lua\lua513\build\libluadll.dir\debug\lundump.obj
e:\projects\lua\lua513\build\libluadll.dir\debug\ltm.obj
e:\projects\lua\lua513\build\libluadll.dir\debug\ltable.obj
e:\projects\lua\lua513\build\libluadll.dir\debug\lstring.obj
e:\projects\lua\lua513\build\libluadll.dir\debug\lstate.obj
e:\projects\lua\lua513\build\libluadll.dir\debug\lparser.obj
e:\projects\lua\lua513\build\libluadll.dir\debug\lopcodes.obj
e:\projects\lua\lua513\build\libluadll.dir\debug\lobject.obj
e:\projects\lua\lua513\build\libluadll.dir\debug\lmem.obj
e:\projects\lua\lua513\build\libluadll.dir\debug\llex.obj
e:\projects\lua\lua513\build\libluadll.dir\debug\lgc.obj
e:\projects\lua\lua513\build\libluadll.dir\debug\lfunc.obj
e:\projects\lua\lua513\build\libluadll.dir\debug\ldump.obj
e:\projects\lua\lua513\build\libluadll.dir\debug\ldo.obj
e:\projects\lua\lua513\build\libluadll.dir\debug\ldebug.obj
e:\projects\lua\lua513\build\libluadll.dir\debug\lcode.obj
e:\projects\lua\lua513\build\libluadll.dir\debug\lapi.obj
e:\projects\lua\lua513\build\libluadll.dir\debug\linit.obj
e:\projects\lua\lua513\build\libluadll.dir\debug\loadlib.obj
e:\projects\lua\lua513\build\libluadll.dir\debug\ltablib.obj
e:\projects\lua\lua513\build\libluadll.dir\debug\lstrlib.obj
e:\projects\lua\lua513\build\libluadll.dir\debug\loslib.obj
e:\projects\lua\lua513\build\libluadll.dir\debug\lmathlib.obj
e:\projects\lua\lua513\build\libluadll.dir\debug\liolib.obj
e:\projects\lua\lua513\build\libluadll.dir\debug\ldblib.obj
e:\projects\lua\lua513\build\libluadll.dir\debug\lbaselib.obj
e:\projects\lua\lua513\build\cmakefiles\generate.stamp
e:\projects\lua\lua513\build\libluadll.dir\debug\lua51.ilk
e:\projects\lua\lua513\lib\debug\lua51.dll
e:\projects\lua\lua513\lib\debug\lua51.pdb
e:\projects\lua\lua513\lib\debug\lua51.lib
e:\projects\lua\lua513\lib\debug\lua51.exp
e:\projects\lua\lua513\build\libluadll.dir\debug\libluadll.tlog\cl.command.1.tlog
e:\projects\lua\lua513\build\libluadll.dir\debug\libluadll.tlog\cl.read.1.tlog
e:\projects\lua\lua513\build\libluadll.dir\debug\libluadll.tlog\cl.write.1.tlog
e:\projects\lua\lua513\build\libluadll.dir\debug\libluadll.tlog\custombuild.command.1.tlog
e:\projects\lua\lua513\build\libluadll.dir\debug\libluadll.tlog\custombuild.read.1.tlog
e:\projects\lua\lua513\build\libluadll.dir\debug\libluadll.tlog\custombuild.write.1.tlog
e:\projects\lua\lua513\build\libluadll.dir\debug\libluadll.tlog\link.command.1.tlog
e:\projects\lua\lua513\build\libluadll.dir\debug\libluadll.tlog\link.read.1.tlog
e:\projects\lua\lua513\build\libluadll.dir\debug\libluadll.tlog\link.write.1.tlog
e:\projects\lua\lua513\build\libluadll.dir\debug\libluadll.tlog\link.write.2u.tlog
