e:\projects\lua\lua513\lib\debug\lua.pdb
e:\projects\lua\lua513\build\liblua.dir\debug\lauxlib.obj
e:\projects\lua\lua513\build\liblua.dir\debug\lzio.obj
e:\projects\lua\lua513\build\liblua.dir\debug\lvm.obj
e:\projects\lua\lua513\build\liblua.dir\debug\lundump.obj
e:\projects\lua\lua513\build\liblua.dir\debug\ltm.obj
e:\projects\lua\lua513\build\liblua.dir\debug\ltable.obj
e:\projects\lua\lua513\build\liblua.dir\debug\lstring.obj
e:\projects\lua\lua513\build\liblua.dir\debug\lstate.obj
e:\projects\lua\lua513\build\liblua.dir\debug\lparser.obj
e:\projects\lua\lua513\build\liblua.dir\debug\lopcodes.obj
e:\projects\lua\lua513\build\liblua.dir\debug\lobject.obj
e:\projects\lua\lua513\build\liblua.dir\debug\lmem.obj
e:\projects\lua\lua513\build\liblua.dir\debug\llex.obj
e:\projects\lua\lua513\build\liblua.dir\debug\lgc.obj
e:\projects\lua\lua513\build\liblua.dir\debug\lfunc.obj
e:\projects\lua\lua513\build\liblua.dir\debug\ldump.obj
e:\projects\lua\lua513\build\liblua.dir\debug\ldo.obj
e:\projects\lua\lua513\build\liblua.dir\debug\ldebug.obj
e:\projects\lua\lua513\build\liblua.dir\debug\lcode.obj
e:\projects\lua\lua513\build\liblua.dir\debug\lapi.obj
e:\projects\lua\lua513\build\liblua.dir\debug\linit.obj
e:\projects\lua\lua513\build\liblua.dir\debug\loadlib.obj
e:\projects\lua\lua513\build\liblua.dir\debug\ltablib.obj
e:\projects\lua\lua513\build\liblua.dir\debug\lstrlib.obj
e:\projects\lua\lua513\build\liblua.dir\debug\loslib.obj
e:\projects\lua\lua513\build\liblua.dir\debug\lmathlib.obj
e:\projects\lua\lua513\build\liblua.dir\debug\liolib.obj
e:\projects\lua\lua513\build\liblua.dir\debug\ldblib.obj
e:\projects\lua\lua513\build\liblua.dir\debug\lbaselib.obj
e:\projects\lua\lua513\build\cmakefiles\generate.stamp
e:\projects\lua\lua513\lib\debug\lua.lib
e:\projects\lua\lua513\build\liblua.dir\debug\liblua.tlog\cl.command.1.tlog
e:\projects\lua\lua513\build\liblua.dir\debug\liblua.tlog\cl.read.1.tlog
e:\projects\lua\lua513\build\liblua.dir\debug\liblua.tlog\cl.write.1.tlog
e:\projects\lua\lua513\build\liblua.dir\debug\liblua.tlog\custombuild.command.1.tlog
e:\projects\lua\lua513\build\liblua.dir\debug\liblua.tlog\custombuild.read.1.tlog
e:\projects\lua\lua513\build\liblua.dir\debug\liblua.tlog\custombuild.write.1.tlog
e:\projects\lua\lua513\build\liblua.dir\debug\liblua.tlog\lib-link.read.1.tlog
e:\projects\lua\lua513\build\liblua.dir\debug\liblua.tlog\lib-link.write.1.tlog
e:\projects\lua\lua513\build\liblua.dir\debug\liblua.tlog\lib.command.1.tlog
